<?xml version="1.0" encoding="UTF-8"?>
<testng-results ignored="0" total="1" passed="1" failed="0" skipped="0">
  <reporter-output>
  </reporter-output>
  <suite started-at="2023-05-23T13:54:12 IST" name="Suite" finished-at="2023-05-23T13:54:21 IST" duration-ms="9149">
    <groups>
    </groups>
    <test started-at="2023-05-23T13:54:12 IST" name="Test" finished-at="2023-05-23T13:54:21 IST" duration-ms="9149">
      <class name="TestClassPackage.Post_tc_1">
        <test-method signature="execute()[pri:0, instance:TestClassPackage.Post_tc_1@6057aebb]" started-at="2023-05-23T13:54:12 IST" name="execute" finished-at="2023-05-23T13:54:21 IST" duration-ms="8731" status="PASS">
          <reporter-output>
          </reporter-output>
        </test-method> <!-- execute -->
      </class> <!-- TestClassPackage.Post_tc_1 -->
    </test> <!-- Test -->
  </suite> <!-- Suite -->
</testng-results>
